2016-12-18 22:22:33,416 INFO [localhost-startStop-1] o.s.w.c.ContextLoader [ContextLoader.java:285] Root WebApplicationContext: initialization started
2016-12-18 22:22:33,716 DEBUG [localhost-startStop-1] o.s.w.c.s.StandardServletEnvironment [MutablePropertySources.java:109] Adding [servletConfigInitParams] PropertySource with lowest search precedence
2016-12-18 22:22:33,717 DEBUG [localhost-startStop-1] o.s.w.c.s.StandardServletEnvironment [MutablePropertySources.java:109] Adding [servletContextInitParams] PropertySource with lowest search precedence
2016-12-18 22:22:33,750 DEBUG [localhost-startStop-1] o.s.w.c.s.StandardServletEnvironment [MutablePropertySources.java:109] Adding [jndiProperties] PropertySource with lowest search precedence
2016-12-18 22:22:33,752 DEBUG [localhost-startStop-1] o.s.w.c.s.StandardServletEnvironment [MutablePropertySources.java:109] Adding [systemProperties] PropertySource with lowest search precedence
2016-12-18 22:22:33,756 DEBUG [localhost-startStop-1] o.s.w.c.s.StandardServletEnvironment [MutablePropertySources.java:109] Adding [systemEnvironment] PropertySource with lowest search precedence
2016-12-18 22:22:33,757 DEBUG [localhost-startStop-1] o.s.w.c.s.StandardServletEnvironment [AbstractEnvironment.java:126] Initialized StandardServletEnvironment with PropertySources [servletConfigInitParams,servletContextInitParams,jndiProperties,systemProperties,systemEnvironment]
2016-12-18 22:22:33,770 DEBUG [localhost-startStop-1] o.s.w.c.s.StandardServletEnvironment [MutablePropertySources.java:174] Replacing [servletContextInitParams] PropertySource with [servletContextInitParams]
2016-12-18 22:22:33,772 INFO [localhost-startStop-1] o.s.w.c.s.XmlWebApplicationContext [AbstractApplicationContext.java:510] Refreshing Root WebApplicationContext: startup date [Sun Dec 18 22:22:33 CET 2016]; root of context hierarchy
2016-12-18 22:22:33,908 INFO [localhost-startStop-1] o.s.b.f.x.XmlBeanDefinitionReader [XmlBeanDefinitionReader.java:317] Loading XML bean definitions from class path resource [spring/business-config.xml]
2016-12-18 22:22:34,755 INFO [localhost-startStop-1] o.s.b.f.x.XmlBeanDefinitionReader [XmlBeanDefinitionReader.java:317] Loading XML bean definitions from class path resource [spring/persistence-config.xml]
2016-12-18 22:22:34,900 DEBUG [localhost-startStop-1] o.s.w.c.s.XmlWebApplicationContext [AbstractApplicationContext.java:540] Bean factory for Root WebApplicationContext: org.springframework.beans.factory.support.DefaultListableBeanFactory@1918a30: defining beans [groupRepositoryImpl,groupService,groupServiceImpl,groupController,org.springframework.context.annotation.internalConfigurationAnnotationProcessor,org.springframework.context.annotation.internalAutowiredAnnotationProcessor,org.springframework.context.annotation.internalRequiredAnnotationProcessor,org.springframework.context.annotation.internalCommonAnnotationProcessor,org.springframework.context.annotation.internalPersistenceAnnotationProcessor,org.springframework.context.support.PropertySourcesPlaceholderConfigurer#0,dataSource,entityManagerFactory,org.springframework.aop.config.internalAutoProxyCreator,org.springframework.transaction.annotation.AnnotationTransactionAttributeSource#0,org.springframework.transaction.interceptor.TransactionInterceptor#0,org.springframework.transaction.config.internalTransactionAdvisor,transactionManager,defaultDaoTransactionProxy,org.springframework.dao.annotation.PersistenceExceptionTranslationPostProcessor#0]; root of factory hierarchy
2016-12-18 22:22:35,384 INFO [localhost-startStop-1] o.s.c.s.PropertySourcesPlaceholderConfigurer [PropertiesLoaderSupport.java:172] Loading properties file from class path resource [spring/data-access.properties]
2016-12-18 22:22:35,595 DEBUG [localhost-startStop-1] o.s.w.c.s.XmlWebApplicationContext [AbstractApplicationContext.java:646] Unable to locate MessageSource with name 'messageSource': using default [org.springframework.context.support.DelegatingMessageSource@cf293f]
2016-12-18 22:22:35,606 DEBUG [localhost-startStop-1] o.s.w.c.s.XmlWebApplicationContext [AbstractApplicationContext.java:670] Unable to locate ApplicationEventMulticaster with name 'applicationEventMulticaster': using default [org.springframework.context.event.SimpleApplicationEventMulticaster@7a335d]
2016-12-18 22:22:36,395 INFO [localhost-startStop-1] o.s.o.j.LocalContainerEntityManagerFactoryBean [LocalContainerEntityManagerFactoryBean.java:339] Building JPA container EntityManagerFactory for persistence unit 'wp'
2016-12-18 22:22:36,492 INFO [localhost-startStop-1] o.h.j.i.u.LogHelper [LogHelper.java:46] HHH000204: Processing PersistenceUnitInfo [
	name: wp
	...]
2016-12-18 22:22:37,152 INFO [localhost-startStop-1] o.h.Version [Version.java:54] HHH000412: Hibernate Core {4.3.10.Final}
2016-12-18 22:22:37,170 INFO [localhost-startStop-1] o.h.c.Environment [Environment.java:239] HHH000206: hibernate.properties not found
2016-12-18 22:22:37,176 INFO [localhost-startStop-1] o.h.c.Environment [Environment.java:346] HHH000021: Bytecode provider name : javassist
2016-12-18 22:22:38,218 INFO [localhost-startStop-1] o.h.a.c.Version [JavaReflectionManager.java:66] HCANN000001: Hibernate Commons Annotations {4.0.5.Final}
2016-12-18 22:22:39,764 INFO [localhost-startStop-1] h.d.H.ENGINE [NativeMethodAccessorImpl.java:-2] Checkpoint start
2016-12-18 22:22:39,765 INFO [localhost-startStop-1] h.d.H.ENGINE [NativeMethodAccessorImpl.java:-2] checkpointClose start
2016-12-18 22:22:39,813 INFO [localhost-startStop-1] h.d.H.ENGINE [NativeMethodAccessorImpl.java:-2] checkpointClose synched
2016-12-18 22:22:39,854 INFO [localhost-startStop-1] h.d.H.ENGINE [NativeMethodAccessorImpl.java:-2] checkpointClose script done
2016-12-18 22:22:40,037 INFO [localhost-startStop-1] h.d.H.ENGINE [NativeMethodAccessorImpl.java:-2] checkpointClose end
2016-12-18 22:22:40,040 INFO [localhost-startStop-1] h.d.H.ENGINE [NativeMethodAccessorImpl.java:-2] Checkpoint end - txts: 1
2016-12-18 22:22:40,679 INFO [localhost-startStop-1] o.h.d.Dialect [Dialect.java:145] HHH000400: Using dialect: org.hibernate.dialect.HSQLDialect
2016-12-18 22:22:41,441 INFO [localhost-startStop-1] o.h.h.i.a.ASTQueryTranslatorFactory [ASTQueryTranslatorFactory.java:47] HHH000397: Using ASTQueryTranslatorFactory
2016-12-18 22:22:41,713 INFO [localhost-startStop-1] o.h.v.i.u.Version [Version.java:27] HV000001: Hibernate Validator 5.1.3.Final
2016-12-18 22:22:44,493 INFO [localhost-startStop-1] o.h.t.h.SchemaUpdate [SchemaUpdate.java:207] HHH000228: Running hbm2ddl schema update
2016-12-18 22:22:44,494 INFO [localhost-startStop-1] o.h.t.h.SchemaUpdate [SchemaUpdate.java:218] HHH000102: Fetching database metadata
2016-12-18 22:22:44,502 INFO [localhost-startStop-1] o.h.t.h.SchemaUpdate [SchemaUpdate.java:230] HHH000396: Updating schema
2016-12-18 22:22:44,564 INFO [localhost-startStop-1] j.s.DatabaseMetaData [DatabaseMetadata.java:147] HHH000262: Table not found: courses
2016-12-18 22:22:44,577 INFO [localhost-startStop-1] j.s.DatabaseMetaData [DatabaseMetadata.java:147] HHH000262: Table not found: lab_groups
2016-12-18 22:22:44,580 INFO [localhost-startStop-1] j.s.DatabaseMetaData [DatabaseMetadata.java:147] HHH000262: Table not found: student_courses
2016-12-18 22:22:44,583 INFO [localhost-startStop-1] j.s.DatabaseMetaData [DatabaseMetadata.java:147] HHH000262: Table not found: students
2016-12-18 22:22:44,586 INFO [localhost-startStop-1] j.s.DatabaseMetaData [DatabaseMetadata.java:147] HHH000262: Table not found: courses
2016-12-18 22:22:44,601 INFO [localhost-startStop-1] j.s.DatabaseMetaData [DatabaseMetadata.java:147] HHH000262: Table not found: lab_groups
2016-12-18 22:22:44,603 INFO [localhost-startStop-1] j.s.DatabaseMetaData [DatabaseMetadata.java:147] HHH000262: Table not found: student_courses
2016-12-18 22:22:44,604 INFO [localhost-startStop-1] j.s.DatabaseMetaData [DatabaseMetadata.java:147] HHH000262: Table not found: students
2016-12-18 22:22:44,606 INFO [localhost-startStop-1] j.s.DatabaseMetaData [DatabaseMetadata.java:147] HHH000262: Table not found: courses
2016-12-18 22:22:44,609 INFO [localhost-startStop-1] j.s.DatabaseMetaData [DatabaseMetadata.java:147] HHH000262: Table not found: lab_groups
2016-12-18 22:22:44,613 INFO [localhost-startStop-1] j.s.DatabaseMetaData [DatabaseMetadata.java:147] HHH000262: Table not found: student_courses
2016-12-18 22:22:44,615 INFO [localhost-startStop-1] j.s.DatabaseMetaData [DatabaseMetadata.java:147] HHH000262: Table not found: students
2016-12-18 22:22:44,627 INFO [localhost-startStop-1] o.h.t.h.SchemaUpdate [SchemaUpdate.java:267] HHH000232: Schema update complete
2016-12-18 22:22:45,915 DEBUG [localhost-startStop-1] o.s.w.c.s.XmlWebApplicationContext [AbstractApplicationContext.java:697] Unable to locate LifecycleProcessor with name 'lifecycleProcessor': using default [org.springframework.context.support.DefaultLifecycleProcessor@1bdede4]
2016-12-18 22:22:45,993 DEBUG [localhost-startStop-1] o.s.w.c.ContextLoader [ContextLoader.java:320] Published root WebApplicationContext as ServletContext attribute with name [org.springframework.web.context.WebApplicationContext.ROOT]
2016-12-18 22:22:45,994 INFO [localhost-startStop-1] o.s.w.c.ContextLoader [ContextLoader.java:325] Root WebApplicationContext: initialization completed in 12566 ms
2016-12-18 22:22:46,022 DEBUG [localhost-startStop-1] o.s.w.s.DispatcherServlet [HttpServletBean.java:118] Initializing servlet 'springDispatcher'
2016-12-18 22:22:46,028 DEBUG [localhost-startStop-1] o.s.w.c.s.StandardServletEnvironment [MutablePropertySources.java:109] Adding [servletConfigInitParams] PropertySource with lowest search precedence
2016-12-18 22:22:46,029 DEBUG [localhost-startStop-1] o.s.w.c.s.StandardServletEnvironment [MutablePropertySources.java:109] Adding [servletContextInitParams] PropertySource with lowest search precedence
2016-12-18 22:22:46,029 DEBUG [localhost-startStop-1] o.s.w.c.s.StandardServletEnvironment [MutablePropertySources.java:109] Adding [jndiProperties] PropertySource with lowest search precedence
2016-12-18 22:22:46,030 DEBUG [localhost-startStop-1] o.s.w.c.s.StandardServletEnvironment [MutablePropertySources.java:109] Adding [systemProperties] PropertySource with lowest search precedence
2016-12-18 22:22:46,030 DEBUG [localhost-startStop-1] o.s.w.c.s.StandardServletEnvironment [MutablePropertySources.java:109] Adding [systemEnvironment] PropertySource with lowest search precedence
2016-12-18 22:22:46,031 DEBUG [localhost-startStop-1] o.s.w.c.s.StandardServletEnvironment [AbstractEnvironment.java:126] Initialized StandardServletEnvironment with PropertySources [servletConfigInitParams,servletContextInitParams,jndiProperties,systemProperties,systemEnvironment]
2016-12-18 22:22:46,070 INFO [localhost-startStop-1] o.s.w.s.DispatcherServlet [FrameworkServlet.java:485] FrameworkServlet 'springDispatcher': initialization started
2016-12-18 22:22:46,071 DEBUG [localhost-startStop-1] o.s.w.s.DispatcherServlet [FrameworkServlet.java:613] Servlet with name 'springDispatcher' will try to create custom WebApplicationContext context of class 'org.springframework.web.context.support.XmlWebApplicationContext', using parent context [Root WebApplicationContext: startup date [Sun Dec 18 22:22:33 CET 2016]; root of context hierarchy]
2016-12-18 22:22:46,078 DEBUG [localhost-startStop-1] o.s.w.c.s.StandardServletEnvironment [MutablePropertySources.java:174] Replacing [servletContextInitParams] PropertySource with [servletContextInitParams]
2016-12-18 22:22:46,079 DEBUG [localhost-startStop-1] o.s.w.c.s.StandardServletEnvironment [MutablePropertySources.java:174] Replacing [servletConfigInitParams] PropertySource with [servletConfigInitParams]
2016-12-18 22:22:46,080 INFO [localhost-startStop-1] o.s.w.c.s.XmlWebApplicationContext [AbstractApplicationContext.java:510] Refreshing WebApplicationContext for namespace 'springDispatcher-servlet': startup date [Sun Dec 18 22:22:46 CET 2016]; parent: Root WebApplicationContext
2016-12-18 22:22:46,082 INFO [localhost-startStop-1] o.s.b.f.x.XmlBeanDefinitionReader [XmlBeanDefinitionReader.java:317] Loading XML bean definitions from class path resource [spring/mvc-core-config.xml]
2016-12-18 22:22:46,214 INFO [localhost-startStop-1] o.s.b.f.x.XmlBeanDefinitionReader [XmlBeanDefinitionReader.java:317] Loading XML bean definitions from class path resource [spring/mvc-view-config.xml]
2016-12-18 22:22:46,620 DEBUG [localhost-startStop-1] o.s.w.c.s.XmlWebApplicationContext [AbstractApplicationContext.java:540] Bean factory for WebApplicationContext for namespace 'springDispatcher-servlet': org.springframework.beans.factory.support.DefaultListableBeanFactory@ed5529: defining beans [org.springframework.web.servlet.view.ContentNegotiatingViewResolver#0,groupController,org.springframework.context.annotation.internalConfigurationAnnotationProcessor,org.springframework.context.annotation.internalAutowiredAnnotationProcessor,org.springframework.context.annotation.internalRequiredAnnotationProcessor,org.springframework.context.annotation.internalCommonAnnotationProcessor,org.springframework.context.annotation.internalPersistenceAnnotationProcessor,mvcContentNegotiationManager,org.springframework.web.servlet.mvc.method.annotation.RequestMappingHandlerMapping#0,org.springframework.format.support.FormattingConversionServiceFactoryBean#0,org.springframework.validation.beanvalidation.OptionalValidatorFactoryBean#0,org.springframework.web.servlet.mvc.method.annotation.RequestMappingHandlerAdapter#0,mvcUriComponentsContributor,org.springframework.web.servlet.handler.MappedInterceptor#0,org.springframework.web.servlet.mvc.method.annotation.ExceptionHandlerExceptionResolver#0,org.springframework.web.servlet.mvc.annotation.ResponseStatusExceptionResolver#0,org.springframework.web.servlet.mvc.support.DefaultHandlerExceptionResolver#0,org.springframework.web.servlet.handler.BeanNameUrlHandlerMapping,org.springframework.web.servlet.mvc.HttpRequestHandlerAdapter,org.springframework.web.servlet.mvc.SimpleControllerHandlerAdapter,mvcResourceUrlProvider,org.springframework.web.servlet.handler.MappedInterceptor#1,org.springframework.web.servlet.resource.ResourceHttpRequestHandler#0,mvcPathMatcher,mvcUrlPathHelper,org.springframework.web.servlet.handler.SimpleUrlHandlerMapping#0,org.springframework.web.servlet.config.viewControllerHandlerMapping,org.springframework.web.servlet.resource.DefaultServletHttpRequestHandler#0,org.springframework.web.servlet.handler.SimpleUrlHandlerMapping#1]; parent: org.springframework.beans.factory.support.DefaultListableBeanFactory@1918a30
2016-12-18 22:22:46,768 DEBUG [localhost-startStop-1] o.s.w.c.s.XmlWebApplicationContext [AbstractApplicationContext.java:646] Unable to locate MessageSource with name 'messageSource': using default [org.springframework.context.support.DelegatingMessageSource@176439f]
2016-12-18 22:22:46,791 DEBUG [localhost-startStop-1] o.s.w.c.s.XmlWebApplicationContext [AbstractApplicationContext.java:670] Unable to locate ApplicationEventMulticaster with name 'applicationEventMulticaster': using default [org.springframework.context.event.SimpleApplicationEventMulticaster@2f9e57]
2016-12-18 22:22:49,089 DEBUG [localhost-startStop-1] o.s.w.s.m.m.a.RequestMappingHandlerMapping [AbstractHandlerMethodMapping.java:134] Looking for request mappings in application context: WebApplicationContext for namespace 'springDispatcher-servlet': startup date [Sun Dec 18 22:22:46 CET 2016]; parent: Root WebApplicationContext
2016-12-18 22:22:49,125 INFO [localhost-startStop-1] o.s.w.s.m.m.a.RequestMappingHandlerMapping [AbstractHandlerMethodMapping.java:217] Mapped "{[/api/groups/{id}],methods=[PUT],produces=[application/json]}" onto public void mk.ukim.finki.wp.web.GroupController.update(java.lang.Integer,mk.ukim.finki.wp.model.Group)
2016-12-18 22:22:49,127 INFO [localhost-startStop-1] o.s.w.s.m.m.a.RequestMappingHandlerMapping [AbstractHandlerMethodMapping.java:217] Mapped "{[/api/groups/{id}],methods=[DELETE],produces=[application/json]}" onto public void mk.ukim.finki.wp.web.GroupController.delete(java.lang.Integer)
2016-12-18 22:22:49,128 INFO [localhost-startStop-1] o.s.w.s.m.m.a.RequestMappingHandlerMapping [AbstractHandlerMethodMapping.java:217] Mapped "{[/api/groups],methods=[POST],produces=[application/json]}" onto public mk.ukim.finki.wp.model.Group mk.ukim.finki.wp.web.GroupController.save(mk.ukim.finki.wp.model.Group)
2016-12-18 22:22:49,129 INFO [localhost-startStop-1] o.s.w.s.m.m.a.RequestMappingHandlerMapping [AbstractHandlerMethodMapping.java:217] Mapped "{[/api/groups],methods=[GET],produces=[application/json]}" onto public java.util.List<mk.ukim.finki.wp.model.Group> mk.ukim.finki.wp.web.GroupController.findAll()
2016-12-18 22:22:49,129 INFO [localhost-startStop-1] o.s.w.s.m.m.a.RequestMappingHandlerMapping [AbstractHandlerMethodMapping.java:217] Mapped "{[/api/groups/{id}],methods=[GET],produces=[application/json]}" onto public mk.ukim.finki.wp.model.Group mk.ukim.finki.wp.web.GroupController.findById(java.lang.Integer)
2016-12-18 22:22:55,772 INFO [localhost-startStop-1] o.s.w.s.m.m.a.RequestMappingHandlerAdapter [RequestMappingHandlerAdapter.java:517] Looking for @ControllerAdvice: WebApplicationContext for namespace 'springDispatcher-servlet': startup date [Sun Dec 18 22:22:46 CET 2016]; parent: Root WebApplicationContext
2016-12-18 22:22:55,945 INFO [localhost-startStop-1] o.s.w.s.m.m.a.RequestMappingHandlerAdapter [RequestMappingHandlerAdapter.java:517] Looking for @ControllerAdvice: WebApplicationContext for namespace 'springDispatcher-servlet': startup date [Sun Dec 18 22:22:46 CET 2016]; parent: Root WebApplicationContext
2016-12-18 22:22:56,063 DEBUG [localhost-startStop-1] o.s.w.s.m.m.a.ExceptionHandlerExceptionResolver [ExceptionHandlerExceptionResolver.java:257] Looking for exception mappings: WebApplicationContext for namespace 'springDispatcher-servlet': startup date [Sun Dec 18 22:22:46 CET 2016]; parent: Root WebApplicationContext
2016-12-18 22:22:56,133 DEBUG [localhost-startStop-1] o.s.w.s.h.BeanNameUrlHandlerMapping [AbstractDetectingUrlHandlerMapping.java:71] Looking for URL mappings in application context: WebApplicationContext for namespace 'springDispatcher-servlet': startup date [Sun Dec 18 22:22:46 CET 2016]; parent: Root WebApplicationContext
2016-12-18 22:22:56,134 DEBUG [localhost-startStop-1] o.s.w.s.h.BeanNameUrlHandlerMapping [AbstractDetectingUrlHandlerMapping.java:86] Rejected bean name 'org.springframework.web.servlet.view.ContentNegotiatingViewResolver#0': no URL paths identified
2016-12-18 22:22:56,135 DEBUG [localhost-startStop-1] o.s.w.s.h.BeanNameUrlHandlerMapping [AbstractDetectingUrlHandlerMapping.java:86] Rejected bean name 'groupController': no URL paths identified
2016-12-18 22:22:56,135 DEBUG [localhost-startStop-1] o.s.w.s.h.BeanNameUrlHandlerMapping [AbstractDetectingUrlHandlerMapping.java:86] Rejected bean name 'org.springframework.context.annotation.internalConfigurationAnnotationProcessor': no URL paths identified
2016-12-18 22:22:56,136 DEBUG [localhost-startStop-1] o.s.w.s.h.BeanNameUrlHandlerMapping [AbstractDetectingUrlHandlerMapping.java:86] Rejected bean name 'org.springframework.context.annotation.internalAutowiredAnnotationProcessor': no URL paths identified
2016-12-18 22:22:56,136 DEBUG [localhost-startStop-1] o.s.w.s.h.BeanNameUrlHandlerMapping [AbstractDetectingUrlHandlerMapping.java:86] Rejected bean name 'org.springframework.context.annotation.internalRequiredAnnotationProcessor': no URL paths identified
2016-12-18 22:22:56,136 DEBUG [localhost-startStop-1] o.s.w.s.h.BeanNameUrlHandlerMapping [AbstractDetectingUrlHandlerMapping.java:86] Rejected bean name 'org.springframework.context.annotation.internalCommonAnnotationProcessor': no URL paths identified
2016-12-18 22:22:56,138 DEBUG [localhost-startStop-1] o.s.w.s.h.BeanNameUrlHandlerMapping [AbstractDetectingUrlHandlerMapping.java:86] Rejected bean name 'org.springframework.context.annotation.internalPersistenceAnnotationProcessor': no URL paths identified
2016-12-18 22:22:56,140 DEBUG [localhost-startStop-1] o.s.w.s.h.BeanNameUrlHandlerMapping [AbstractDetectingUrlHandlerMapping.java:86] Rejected bean name 'mvcContentNegotiationManager': no URL paths identified
2016-12-18 22:22:56,140 DEBUG [localhost-startStop-1] o.s.w.s.h.BeanNameUrlHandlerMapping [AbstractDetectingUrlHandlerMapping.java:86] Rejected bean name 'org.springframework.web.servlet.mvc.method.annotation.RequestMappingHandlerMapping#0': no URL paths identified
2016-12-18 22:22:56,141 DEBUG [localhost-startStop-1] o.s.w.s.h.BeanNameUrlHandlerMapping [AbstractDetectingUrlHandlerMapping.java:86] Rejected bean name 'org.springframework.format.support.FormattingConversionServiceFactoryBean#0': no URL paths identified
2016-12-18 22:22:56,141 DEBUG [localhost-startStop-1] o.s.w.s.h.BeanNameUrlHandlerMapping [AbstractDetectingUrlHandlerMapping.java:86] Rejected bean name 'org.springframework.validation.beanvalidation.OptionalValidatorFactoryBean#0': no URL paths identified
2016-12-18 22:22:56,142 DEBUG [localhost-startStop-1] o.s.w.s.h.BeanNameUrlHandlerMapping [AbstractDetectingUrlHandlerMapping.java:86] Rejected bean name 'org.springframework.web.servlet.mvc.method.annotation.RequestMappingHandlerAdapter#0': no URL paths identified
2016-12-18 22:22:56,142 DEBUG [localhost-startStop-1] o.s.w.s.h.BeanNameUrlHandlerMapping [AbstractDetectingUrlHandlerMapping.java:86] Rejected bean name 'mvcUriComponentsContributor': no URL paths identified
2016-12-18 22:22:56,142 DEBUG [localhost-startStop-1] o.s.w.s.h.BeanNameUrlHandlerMapping [AbstractDetectingUrlHandlerMapping.java:86] Rejected bean name 'org.springframework.web.servlet.handler.MappedInterceptor#0': no URL paths identified
2016-12-18 22:22:56,143 DEBUG [localhost-startStop-1] o.s.w.s.h.BeanNameUrlHandlerMapping [AbstractDetectingUrlHandlerMapping.java:86] Rejected bean name 'org.springframework.web.servlet.mvc.method.annotation.ExceptionHandlerExceptionResolver#0': no URL paths identified
2016-12-18 22:22:56,144 DEBUG [localhost-startStop-1] o.s.w.s.h.BeanNameUrlHandlerMapping [AbstractDetectingUrlHandlerMapping.java:86] Rejected bean name 'org.springframework.web.servlet.mvc.annotation.ResponseStatusExceptionResolver#0': no URL paths identified
2016-12-18 22:22:56,146 DEBUG [localhost-startStop-1] o.s.w.s.h.BeanNameUrlHandlerMapping [AbstractDetectingUrlHandlerMapping.java:86] Rejected bean name 'org.springframework.web.servlet.mvc.support.DefaultHandlerExceptionResolver#0': no URL paths identified
2016-12-18 22:22:56,147 DEBUG [localhost-startStop-1] o.s.w.s.h.BeanNameUrlHandlerMapping [AbstractDetectingUrlHandlerMapping.java:86] Rejected bean name 'org.springframework.web.servlet.handler.BeanNameUrlHandlerMapping': no URL paths identified
2016-12-18 22:22:56,148 DEBUG [localhost-startStop-1] o.s.w.s.h.BeanNameUrlHandlerMapping [AbstractDetectingUrlHandlerMapping.java:86] Rejected bean name 'org.springframework.web.servlet.mvc.HttpRequestHandlerAdapter': no URL paths identified
2016-12-18 22:22:56,150 DEBUG [localhost-startStop-1] o.s.w.s.h.BeanNameUrlHandlerMapping [AbstractDetectingUrlHandlerMapping.java:86] Rejected bean name 'org.springframework.web.servlet.mvc.SimpleControllerHandlerAdapter': no URL paths identified
2016-12-18 22:22:56,150 DEBUG [localhost-startStop-1] o.s.w.s.h.BeanNameUrlHandlerMapping [AbstractDetectingUrlHandlerMapping.java:86] Rejected bean name 'mvcResourceUrlProvider': no URL paths identified
2016-12-18 22:22:56,151 DEBUG [localhost-startStop-1] o.s.w.s.h.BeanNameUrlHandlerMapping [AbstractDetectingUrlHandlerMapping.java:86] Rejected bean name 'org.springframework.web.servlet.handler.MappedInterceptor#1': no URL paths identified
2016-12-18 22:22:56,151 DEBUG [localhost-startStop-1] o.s.w.s.h.BeanNameUrlHandlerMapping [AbstractDetectingUrlHandlerMapping.java:86] Rejected bean name 'org.springframework.web.servlet.resource.ResourceHttpRequestHandler#0': no URL paths identified
2016-12-18 22:22:56,152 DEBUG [localhost-startStop-1] o.s.w.s.h.BeanNameUrlHandlerMapping [AbstractDetectingUrlHandlerMapping.java:86] Rejected bean name 'mvcPathMatcher': no URL paths identified
2016-12-18 22:22:56,152 DEBUG [localhost-startStop-1] o.s.w.s.h.BeanNameUrlHandlerMapping [AbstractDetectingUrlHandlerMapping.java:86] Rejected bean name 'mvcUrlPathHelper': no URL paths identified
2016-12-18 22:22:56,153 DEBUG [localhost-startStop-1] o.s.w.s.h.BeanNameUrlHandlerMapping [AbstractDetectingUrlHandlerMapping.java:86] Rejected bean name 'org.springframework.web.servlet.handler.SimpleUrlHandlerMapping#0': no URL paths identified
2016-12-18 22:22:56,155 DEBUG [localhost-startStop-1] o.s.w.s.h.BeanNameUrlHandlerMapping [AbstractDetectingUrlHandlerMapping.java:86] Rejected bean name 'org.springframework.web.servlet.config.viewControllerHandlerMapping': no URL paths identified
2016-12-18 22:22:56,156 DEBUG [localhost-startStop-1] o.s.w.s.h.BeanNameUrlHandlerMapping [AbstractDetectingUrlHandlerMapping.java:86] Rejected bean name 'org.springframework.web.servlet.resource.DefaultServletHttpRequestHandler#0': no URL paths identified
2016-12-18 22:22:56,157 DEBUG [localhost-startStop-1] o.s.w.s.h.BeanNameUrlHandlerMapping [AbstractDetectingUrlHandlerMapping.java:86] Rejected bean name 'org.springframework.web.servlet.handler.SimpleUrlHandlerMapping#1': no URL paths identified
2016-12-18 22:22:56,158 DEBUG [localhost-startStop-1] o.s.w.s.h.BeanNameUrlHandlerMapping [AbstractDetectingUrlHandlerMapping.java:86] Rejected bean name 'org.springframework.context.annotation.ConfigurationClassPostProcessor.importAwareProcessor': no URL paths identified
2016-12-18 22:22:56,158 DEBUG [localhost-startStop-1] o.s.w.s.h.BeanNameUrlHandlerMapping [AbstractDetectingUrlHandlerMapping.java:86] Rejected bean name 'org.springframework.context.annotation.ConfigurationClassPostProcessor.enhancedConfigurationProcessor': no URL paths identified
2016-12-18 22:22:56,159 DEBUG [localhost-startStop-1] o.s.w.s.h.BeanNameUrlHandlerMapping [AbstractDetectingUrlHandlerMapping.java:86] Rejected bean name 'environment': no URL paths identified
2016-12-18 22:22:56,161 DEBUG [localhost-startStop-1] o.s.w.s.h.BeanNameUrlHandlerMapping [AbstractDetectingUrlHandlerMapping.java:86] Rejected bean name 'systemProperties': no URL paths identified
2016-12-18 22:22:56,162 DEBUG [localhost-startStop-1] o.s.w.s.h.BeanNameUrlHandlerMapping [AbstractDetectingUrlHandlerMapping.java:86] Rejected bean name 'systemEnvironment': no URL paths identified
2016-12-18 22:22:56,163 DEBUG [localhost-startStop-1] o.s.w.s.h.BeanNameUrlHandlerMapping [AbstractDetectingUrlHandlerMapping.java:86] Rejected bean name 'servletConfig': no URL paths identified
2016-12-18 22:22:56,164 DEBUG [localhost-startStop-1] o.s.w.s.h.BeanNameUrlHandlerMapping [AbstractDetectingUrlHandlerMapping.java:86] Rejected bean name 'org.springframework.context.annotation.ConfigurationClassPostProcessor.importRegistry': no URL paths identified
2016-12-18 22:22:56,164 DEBUG [localhost-startStop-1] o.s.w.s.h.BeanNameUrlHandlerMapping [AbstractDetectingUrlHandlerMapping.java:86] Rejected bean name 'messageSource': no URL paths identified
2016-12-18 22:22:56,165 DEBUG [localhost-startStop-1] o.s.w.s.h.BeanNameUrlHandlerMapping [AbstractDetectingUrlHandlerMapping.java:86] Rejected bean name 'applicationEventMulticaster': no URL paths identified
2016-12-18 22:22:56,322 INFO [localhost-startStop-1] o.s.w.s.h.SimpleUrlHandlerMapping [AbstractUrlHandlerMapping.java:314] Mapped URL path [/**] onto handler 'org.springframework.web.servlet.resource.ResourceHttpRequestHandler#0'
2016-12-18 22:22:56,384 INFO [localhost-startStop-1] o.s.w.s.h.SimpleUrlHandlerMapping [AbstractUrlHandlerMapping.java:301] Root mapping to handler of type [class org.springframework.web.servlet.mvc.ParameterizableViewController]
2016-12-18 22:22:56,411 INFO [localhost-startStop-1] o.s.w.s.h.SimpleUrlHandlerMapping [AbstractUrlHandlerMapping.java:314] Mapped URL path [/**] onto handler 'org.springframework.web.servlet.resource.DefaultServletHttpRequestHandler#0'
2016-12-18 22:22:56,412 DEBUG [localhost-startStop-1] o.s.w.c.s.XmlWebApplicationContext [AbstractApplicationContext.java:697] Unable to locate LifecycleProcessor with name 'lifecycleProcessor': using default [org.springframework.context.support.DefaultLifecycleProcessor@1f16761]
2016-12-18 22:22:56,414 DEBUG [localhost-startStop-1] o.s.w.s.DispatcherServlet [DispatcherServlet.java:506] Unable to locate MultipartResolver with name 'multipartResolver': no multipart request handling provided
2016-12-18 22:22:56,429 DEBUG [localhost-startStop-1] o.s.w.s.DispatcherServlet [DispatcherServlet.java:528] Unable to locate LocaleResolver with name 'localeResolver': using default [org.springframework.web.servlet.i18n.AcceptHeaderLocaleResolver@35c14b]
2016-12-18 22:22:56,450 DEBUG [localhost-startStop-1] o.s.w.s.DispatcherServlet [DispatcherServlet.java:550] Unable to locate ThemeResolver with name 'themeResolver': using default [org.springframework.web.servlet.theme.FixedThemeResolver@9c183d]
2016-12-18 22:22:56,467 DEBUG [localhost-startStop-1] o.s.w.s.DispatcherServlet [DispatcherServlet.java:688] Unable to locate RequestToViewNameTranslator with name 'viewNameTranslator': using default [org.springframework.web.servlet.view.DefaultRequestToViewNameTranslator@1092051]
2016-12-18 22:22:56,495 DEBUG [localhost-startStop-1] o.s.w.s.DispatcherServlet [DispatcherServlet.java:750] Unable to locate FlashMapManager with name 'flashMapManager': using default [org.springframework.web.servlet.support.SessionFlashMapManager@a53e97]
2016-12-18 22:22:56,496 DEBUG [localhost-startStop-1] o.s.w.s.r.ResourceUrlProvider [ResourceUrlProvider.java:140] Looking for resource handler mappings
2016-12-18 22:22:56,497 DEBUG [localhost-startStop-1] o.s.w.s.r.ResourceUrlProvider [ResourceUrlProvider.java:152] Found resource handler mapping: URL pattern="/**", locations=[ServletContext resource [/app/]], resolvers=[org.springframework.web.servlet.resource.PathResourceResolver@17159e4]
2016-12-18 22:22:56,500 DEBUG [localhost-startStop-1] o.s.w.s.r.ResourceUrlProvider [ResourceUrlProvider.java:140] Looking for resource handler mappings
2016-12-18 22:22:56,500 DEBUG [localhost-startStop-1] o.s.w.s.r.ResourceUrlProvider [ResourceUrlProvider.java:152] Found resource handler mapping: URL pattern="/**", locations=[ServletContext resource [/app/]], resolvers=[org.springframework.web.servlet.resource.PathResourceResolver@17159e4]
2016-12-18 22:22:56,501 DEBUG [localhost-startStop-1] o.s.w.s.DispatcherServlet [FrameworkServlet.java:564] Published WebApplicationContext of servlet 'springDispatcher' as ServletContext attribute with name [org.springframework.web.servlet.FrameworkServlet.CONTEXT.springDispatcher]
2016-12-18 22:22:56,502 INFO [localhost-startStop-1] o.s.w.s.DispatcherServlet [FrameworkServlet.java:504] FrameworkServlet 'springDispatcher': initialization completed in 10432 ms
2016-12-18 22:22:56,503 DEBUG [localhost-startStop-1] o.s.w.s.DispatcherServlet [HttpServletBean.java:139] Servlet 'springDispatcher' configured successfully
2016-12-18 23:30:19,767 INFO [localhost-startStop-1] o.s.w.c.ContextLoader [ContextLoader.java:285] Root WebApplicationContext: initialization started
2016-12-18 23:30:20,092 DEBUG [localhost-startStop-1] o.s.w.c.s.StandardServletEnvironment [MutablePropertySources.java:109] Adding [servletConfigInitParams] PropertySource with lowest search precedence
2016-12-18 23:30:20,092 DEBUG [localhost-startStop-1] o.s.w.c.s.StandardServletEnvironment [MutablePropertySources.java:109] Adding [servletContextInitParams] PropertySource with lowest search precedence
2016-12-18 23:30:20,135 DEBUG [localhost-startStop-1] o.s.w.c.s.StandardServletEnvironment [MutablePropertySources.java:109] Adding [jndiProperties] PropertySource with lowest search precedence
2016-12-18 23:30:20,136 DEBUG [localhost-startStop-1] o.s.w.c.s.StandardServletEnvironment [MutablePropertySources.java:109] Adding [systemProperties] PropertySource with lowest search precedence
2016-12-18 23:30:20,140 DEBUG [localhost-startStop-1] o.s.w.c.s.StandardServletEnvironment [MutablePropertySources.java:109] Adding [systemEnvironment] PropertySource with lowest search precedence
2016-12-18 23:30:20,141 DEBUG [localhost-startStop-1] o.s.w.c.s.StandardServletEnvironment [AbstractEnvironment.java:126] Initialized StandardServletEnvironment with PropertySources [servletConfigInitParams,servletContextInitParams,jndiProperties,systemProperties,systemEnvironment]
2016-12-18 23:30:20,159 DEBUG [localhost-startStop-1] o.s.w.c.s.StandardServletEnvironment [MutablePropertySources.java:174] Replacing [servletContextInitParams] PropertySource with [servletContextInitParams]
2016-12-18 23:30:20,160 INFO [localhost-startStop-1] o.s.w.c.s.XmlWebApplicationContext [AbstractApplicationContext.java:510] Refreshing Root WebApplicationContext: startup date [Sun Dec 18 23:30:20 CET 2016]; root of context hierarchy
2016-12-18 23:30:20,301 INFO [localhost-startStop-1] o.s.b.f.x.XmlBeanDefinitionReader [XmlBeanDefinitionReader.java:317] Loading XML bean definitions from class path resource [spring/business-config.xml]
2016-12-18 23:30:21,075 INFO [localhost-startStop-1] o.s.b.f.x.XmlBeanDefinitionReader [XmlBeanDefinitionReader.java:317] Loading XML bean definitions from class path resource [spring/persistence-config.xml]
2016-12-18 23:30:21,214 DEBUG [localhost-startStop-1] o.s.w.c.s.XmlWebApplicationContext [AbstractApplicationContext.java:540] Bean factory for Root WebApplicationContext: org.springframework.beans.factory.support.DefaultListableBeanFactory@9fcf29: defining beans [groupRepositoryImpl,groupService,groupServiceImpl,groupController,org.springframework.context.annotation.internalConfigurationAnnotationProcessor,org.springframework.context.annotation.internalAutowiredAnnotationProcessor,org.springframework.context.annotation.internalRequiredAnnotationProcessor,org.springframework.context.annotation.internalCommonAnnotationProcessor,org.springframework.context.annotation.internalPersistenceAnnotationProcessor,org.springframework.context.support.PropertySourcesPlaceholderConfigurer#0,dataSource,entityManagerFactory,org.springframework.aop.config.internalAutoProxyCreator,org.springframework.transaction.annotation.AnnotationTransactionAttributeSource#0,org.springframework.transaction.interceptor.TransactionInterceptor#0,org.springframework.transaction.config.internalTransactionAdvisor,transactionManager,defaultDaoTransactionProxy,org.springframework.dao.annotation.PersistenceExceptionTranslationPostProcessor#0]; root of factory hierarchy
2016-12-18 23:30:21,743 INFO [localhost-startStop-1] o.s.c.s.PropertySourcesPlaceholderConfigurer [PropertiesLoaderSupport.java:172] Loading properties file from class path resource [spring/data-access.properties]
2016-12-18 23:30:21,882 DEBUG [localhost-startStop-1] o.s.w.c.s.XmlWebApplicationContext [AbstractApplicationContext.java:646] Unable to locate MessageSource with name 'messageSource': using default [org.springframework.context.support.DelegatingMessageSource@4ad707]
2016-12-18 23:30:21,891 DEBUG [localhost-startStop-1] o.s.w.c.s.XmlWebApplicationContext [AbstractApplicationContext.java:670] Unable to locate ApplicationEventMulticaster with name 'applicationEventMulticaster': using default [org.springframework.context.event.SimpleApplicationEventMulticaster@113fcfa]
2016-12-18 23:30:22,455 INFO [localhost-startStop-1] o.s.o.j.LocalContainerEntityManagerFactoryBean [LocalContainerEntityManagerFactoryBean.java:339] Building JPA container EntityManagerFactory for persistence unit 'wp'
2016-12-18 23:30:22,567 INFO [localhost-startStop-1] o.h.j.i.u.LogHelper [LogHelper.java:46] HHH000204: Processing PersistenceUnitInfo [
	name: wp
	...]
2016-12-18 23:30:23,236 INFO [localhost-startStop-1] o.h.Version [Version.java:54] HHH000412: Hibernate Core {4.3.10.Final}
2016-12-18 23:30:23,272 INFO [localhost-startStop-1] o.h.c.Environment [Environment.java:239] HHH000206: hibernate.properties not found
2016-12-18 23:30:23,278 INFO [localhost-startStop-1] o.h.c.Environment [Environment.java:346] HHH000021: Bytecode provider name : javassist
2016-12-18 23:30:24,180 INFO [localhost-startStop-1] o.h.a.c.Version [JavaReflectionManager.java:66] HCANN000001: Hibernate Commons Annotations {4.0.5.Final}
2016-12-18 23:30:25,753 INFO [localhost-startStop-1] h.d.H.ENGINE [NativeMethodAccessorImpl.java:-2] checkpointClose start
2016-12-18 23:30:25,754 INFO [localhost-startStop-1] h.d.H.ENGINE [NativeMethodAccessorImpl.java:-2] checkpointClose synched
2016-12-18 23:30:25,816 INFO [localhost-startStop-1] h.d.H.ENGINE [NativeMethodAccessorImpl.java:-2] checkpointClose script done
2016-12-18 23:30:25,951 INFO [localhost-startStop-1] h.d.H.ENGINE [NativeMethodAccessorImpl.java:-2] checkpointClose end
2016-12-18 23:30:26,170 INFO [localhost-startStop-1] o.h.d.Dialect [Dialect.java:145] HHH000400: Using dialect: org.hibernate.dialect.HSQLDialect
2016-12-18 23:30:26,967 INFO [localhost-startStop-1] o.h.h.i.a.ASTQueryTranslatorFactory [ASTQueryTranslatorFactory.java:47] HHH000397: Using ASTQueryTranslatorFactory
2016-12-18 23:30:27,233 INFO [localhost-startStop-1] o.h.v.i.u.Version [Version.java:27] HV000001: Hibernate Validator 5.1.3.Final
2016-12-18 23:30:29,453 INFO [localhost-startStop-1] o.h.t.h.SchemaUpdate [SchemaUpdate.java:207] HHH000228: Running hbm2ddl schema update
2016-12-18 23:30:29,454 INFO [localhost-startStop-1] o.h.t.h.SchemaUpdate [SchemaUpdate.java:218] HHH000102: Fetching database metadata
2016-12-18 23:30:29,461 INFO [localhost-startStop-1] o.h.t.h.SchemaUpdate [SchemaUpdate.java:230] HHH000396: Updating schema
2016-12-18 23:30:29,553 INFO [localhost-startStop-1] o.h.t.h.TableMetadata [TableMetadata.java:65] HHH000261: Table found: PUBLIC.PUBLIC.COURSES
2016-12-18 23:30:29,554 INFO [localhost-startStop-1] o.h.t.h.TableMetadata [TableMetadata.java:66] HHH000037: Columns: [course_id, name, id]
2016-12-18 23:30:29,555 INFO [localhost-startStop-1] o.h.t.h.TableMetadata [TableMetadata.java:68] HHH000108: Foreign keys: [fk_g04n807weduvxgg81splm24d3]
2016-12-18 23:30:29,555 INFO [localhost-startStop-1] o.h.t.h.TableMetadata [TableMetadata.java:69] HHH000126: Indexes: [sys_idx_10097, sys_idx_sys_pk_10092_10094]
2016-12-18 23:30:29,562 INFO [localhost-startStop-1] o.h.t.h.TableMetadata [TableMetadata.java:65] HHH000261: Table found: PUBLIC.PUBLIC.LAB_GROUPS
2016-12-18 23:30:29,563 INFO [localhost-startStop-1] o.h.t.h.TableMetadata [TableMetadata.java:66] HHH000037: Columns: [terms, name, groupsize, id]
2016-12-18 23:30:29,564 INFO [localhost-startStop-1] o.h.t.h.TableMetadata [TableMetadata.java:68] HHH000108: Foreign keys: []
2016-12-18 23:30:29,564 INFO [localhost-startStop-1] o.h.t.h.TableMetadata [TableMetadata.java:69] HHH000126: Indexes: [sys_idx_sys_pk_10100_10104]
2016-12-18 23:30:29,570 INFO [localhost-startStop-1] o.h.t.h.TableMetadata [TableMetadata.java:65] HHH000261: Table found: PUBLIC.PUBLIC.STUDENT_COURSES
2016-12-18 23:30:29,570 INFO [localhost-startStop-1] o.h.t.h.TableMetadata [TableMetadata.java:66] HHH000037: Columns: [course_id, student_id]
2016-12-18 23:30:29,571 INFO [localhost-startStop-1] o.h.t.h.TableMetadata [TableMetadata.java:68] HHH000108: Foreign keys: [fk_1gx1u34qc1nxy52fwsqf5fpc2, fk_6fqmc7x848099n8nc7vtv6pfi]
2016-12-18 23:30:29,571 INFO [localhost-startStop-1] o.h.t.h.TableMetadata [TableMetadata.java:69] HHH000126: Indexes: [sys_idx_10114, sys_idx_10127]
2016-12-18 23:30:29,578 INFO [localhost-startStop-1] o.h.t.h.TableMetadata [TableMetadata.java:65] HHH000261: Table found: PUBLIC.PUBLIC.STUDENTS
2016-12-18 23:30:29,578 INFO [localhost-startStop-1] o.h.t.h.TableMetadata [TableMetadata.java:66] HHH000037: Columns: [name, index, id, lastname]
2016-12-18 23:30:29,581 INFO [localhost-startStop-1] o.h.t.h.TableMetadata [TableMetadata.java:68] HHH000108: Foreign keys: []
2016-12-18 23:30:29,583 INFO [localhost-startStop-1] o.h.t.h.TableMetadata [TableMetadata.java:69] HHH000126: Indexes: [sys_idx_sys_pk_10117_10121]
2016-12-18 23:30:29,669 INFO [localhost-startStop-1] o.h.t.h.SchemaUpdate [SchemaUpdate.java:267] HHH000232: Schema update complete
2016-12-18 23:30:30,089 DEBUG [localhost-startStop-1] o.s.w.c.s.XmlWebApplicationContext [AbstractApplicationContext.java:697] Unable to locate LifecycleProcessor with name 'lifecycleProcessor': using default [org.springframework.context.support.DefaultLifecycleProcessor@b7b544]
2016-12-18 23:30:30,096 DEBUG [localhost-startStop-1] o.s.w.c.ContextLoader [ContextLoader.java:320] Published root WebApplicationContext as ServletContext attribute with name [org.springframework.web.context.WebApplicationContext.ROOT]
2016-12-18 23:30:30,097 INFO [localhost-startStop-1] o.s.w.c.ContextLoader [ContextLoader.java:325] Root WebApplicationContext: initialization completed in 10300 ms
2016-12-18 23:30:30,163 DEBUG [localhost-startStop-1] o.s.w.s.DispatcherServlet [HttpServletBean.java:118] Initializing servlet 'springDispatcher'
2016-12-18 23:30:30,169 DEBUG [localhost-startStop-1] o.s.w.c.s.StandardServletEnvironment [MutablePropertySources.java:109] Adding [servletConfigInitParams] PropertySource with lowest search precedence
2016-12-18 23:30:30,170 DEBUG [localhost-startStop-1] o.s.w.c.s.StandardServletEnvironment [MutablePropertySources.java:109] Adding [servletContextInitParams] PropertySource with lowest search precedence
2016-12-18 23:30:30,170 DEBUG [localhost-startStop-1] o.s.w.c.s.StandardServletEnvironment [MutablePropertySources.java:109] Adding [jndiProperties] PropertySource with lowest search precedence
2016-12-18 23:30:30,171 DEBUG [localhost-startStop-1] o.s.w.c.s.StandardServletEnvironment [MutablePropertySources.java:109] Adding [systemProperties] PropertySource with lowest search precedence
2016-12-18 23:30:30,171 DEBUG [localhost-startStop-1] o.s.w.c.s.StandardServletEnvironment [MutablePropertySources.java:109] Adding [systemEnvironment] PropertySource with lowest search precedence
2016-12-18 23:30:30,172 DEBUG [localhost-startStop-1] o.s.w.c.s.StandardServletEnvironment [AbstractEnvironment.java:126] Initialized StandardServletEnvironment with PropertySources [servletConfigInitParams,servletContextInitParams,jndiProperties,systemProperties,systemEnvironment]
2016-12-18 23:30:30,213 INFO [localhost-startStop-1] o.s.w.s.DispatcherServlet [FrameworkServlet.java:485] FrameworkServlet 'springDispatcher': initialization started
2016-12-18 23:30:30,214 DEBUG [localhost-startStop-1] o.s.w.s.DispatcherServlet [FrameworkServlet.java:613] Servlet with name 'springDispatcher' will try to create custom WebApplicationContext context of class 'org.springframework.web.context.support.XmlWebApplicationContext', using parent context [Root WebApplicationContext: startup date [Sun Dec 18 23:30:20 CET 2016]; root of context hierarchy]
2016-12-18 23:30:30,228 DEBUG [localhost-startStop-1] o.s.w.c.s.StandardServletEnvironment [MutablePropertySources.java:174] Replacing [servletContextInitParams] PropertySource with [servletContextInitParams]
2016-12-18 23:30:30,229 DEBUG [localhost-startStop-1] o.s.w.c.s.StandardServletEnvironment [MutablePropertySources.java:174] Replacing [servletConfigInitParams] PropertySource with [servletConfigInitParams]
2016-12-18 23:30:30,230 INFO [localhost-startStop-1] o.s.w.c.s.XmlWebApplicationContext [AbstractApplicationContext.java:510] Refreshing WebApplicationContext for namespace 'springDispatcher-servlet': startup date [Sun Dec 18 23:30:30 CET 2016]; parent: Root WebApplicationContext
2016-12-18 23:30:30,233 INFO [localhost-startStop-1] o.s.b.f.x.XmlBeanDefinitionReader [XmlBeanDefinitionReader.java:317] Loading XML bean definitions from class path resource [spring/mvc-core-config.xml]
2016-12-18 23:30:30,316 INFO [localhost-startStop-1] o.s.b.f.x.XmlBeanDefinitionReader [XmlBeanDefinitionReader.java:317] Loading XML bean definitions from class path resource [spring/mvc-view-config.xml]
2016-12-18 23:30:30,502 DEBUG [localhost-startStop-1] o.s.w.c.s.XmlWebApplicationContext [AbstractApplicationContext.java:540] Bean factory for WebApplicationContext for namespace 'springDispatcher-servlet': org.springframework.beans.factory.support.DefaultListableBeanFactory@189da24: defining beans [org.springframework.web.servlet.view.ContentNegotiatingViewResolver#0,groupController,org.springframework.context.annotation.internalConfigurationAnnotationProcessor,org.springframework.context.annotation.internalAutowiredAnnotationProcessor,org.springframework.context.annotation.internalRequiredAnnotationProcessor,org.springframework.context.annotation.internalCommonAnnotationProcessor,org.springframework.context.annotation.internalPersistenceAnnotationProcessor,mvcContentNegotiationManager,org.springframework.web.servlet.mvc.method.annotation.RequestMappingHandlerMapping#0,org.springframework.format.support.FormattingConversionServiceFactoryBean#0,org.springframework.validation.beanvalidation.OptionalValidatorFactoryBean#0,org.springframework.web.servlet.mvc.method.annotation.RequestMappingHandlerAdapter#0,mvcUriComponentsContributor,org.springframework.web.servlet.handler.MappedInterceptor#0,org.springframework.web.servlet.mvc.method.annotation.ExceptionHandlerExceptionResolver#0,org.springframework.web.servlet.mvc.annotation.ResponseStatusExceptionResolver#0,org.springframework.web.servlet.mvc.support.DefaultHandlerExceptionResolver#0,org.springframework.web.servlet.handler.BeanNameUrlHandlerMapping,org.springframework.web.servlet.mvc.HttpRequestHandlerAdapter,org.springframework.web.servlet.mvc.SimpleControllerHandlerAdapter,mvcResourceUrlProvider,org.springframework.web.servlet.handler.MappedInterceptor#1,org.springframework.web.servlet.resource.ResourceHttpRequestHandler#0,mvcPathMatcher,mvcUrlPathHelper,org.springframework.web.servlet.handler.SimpleUrlHandlerMapping#0,org.springframework.web.servlet.config.viewControllerHandlerMapping,org.springframework.web.servlet.resource.DefaultServletHttpRequestHandler#0,org.springframework.web.servlet.handler.SimpleUrlHandlerMapping#1]; parent: org.springframework.beans.factory.support.DefaultListableBeanFactory@9fcf29
2016-12-18 23:30:30,620 DEBUG [localhost-startStop-1] o.s.w.c.s.XmlWebApplicationContext [AbstractApplicationContext.java:646] Unable to locate MessageSource with name 'messageSource': using default [org.springframework.context.support.DelegatingMessageSource@fb2242]
2016-12-18 23:30:30,620 DEBUG [localhost-startStop-1] o.s.w.c.s.XmlWebApplicationContext [AbstractApplicationContext.java:670] Unable to locate ApplicationEventMulticaster with name 'applicationEventMulticaster': using default [org.springframework.context.event.SimpleApplicationEventMulticaster@f337fd]
2016-12-18 23:30:31,164 DEBUG [localhost-startStop-1] o.s.w.s.m.m.a.RequestMappingHandlerMapping [AbstractHandlerMethodMapping.java:134] Looking for request mappings in application context: WebApplicationContext for namespace 'springDispatcher-servlet': startup date [Sun Dec 18 23:30:30 CET 2016]; parent: Root WebApplicationContext
2016-12-18 23:30:31,202 INFO [localhost-startStop-1] o.s.w.s.m.m.a.RequestMappingHandlerMapping [AbstractHandlerMethodMapping.java:217] Mapped "{[/api/groups/{id}],methods=[PUT],produces=[application/json]}" onto public void mk.ukim.finki.wp.web.GroupController.update(java.lang.Integer,mk.ukim.finki.wp.model.Group)
2016-12-18 23:30:31,203 INFO [localhost-startStop-1] o.s.w.s.m.m.a.RequestMappingHandlerMapping [AbstractHandlerMethodMapping.java:217] Mapped "{[/api/groups/{id}],methods=[DELETE],produces=[application/json]}" onto public void mk.ukim.finki.wp.web.GroupController.delete(java.lang.Integer)
2016-12-18 23:30:31,204 INFO [localhost-startStop-1] o.s.w.s.m.m.a.RequestMappingHandlerMapping [AbstractHandlerMethodMapping.java:217] Mapped "{[/api/groups],methods=[POST],produces=[application/json]}" onto public mk.ukim.finki.wp.model.Group mk.ukim.finki.wp.web.GroupController.save(mk.ukim.finki.wp.model.Group)
2016-12-18 23:30:31,205 INFO [localhost-startStop-1] o.s.w.s.m.m.a.RequestMappingHandlerMapping [AbstractHandlerMethodMapping.java:217] Mapped "{[/api/groups],methods=[GET],produces=[application/json]}" onto public java.util.List<mk.ukim.finki.wp.model.Group> mk.ukim.finki.wp.web.GroupController.findAll()
2016-12-18 23:30:31,206 INFO [localhost-startStop-1] o.s.w.s.m.m.a.RequestMappingHandlerMapping [AbstractHandlerMethodMapping.java:217] Mapped "{[/api/groups/{id}],methods=[GET],produces=[application/json]}" onto public mk.ukim.finki.wp.model.Group mk.ukim.finki.wp.web.GroupController.findById(java.lang.Integer)
2016-12-18 23:30:32,473 INFO [localhost-startStop-1] o.s.w.s.m.m.a.RequestMappingHandlerAdapter [RequestMappingHandlerAdapter.java:517] Looking for @ControllerAdvice: WebApplicationContext for namespace 'springDispatcher-servlet': startup date [Sun Dec 18 23:30:30 CET 2016]; parent: Root WebApplicationContext
2016-12-18 23:30:32,609 INFO [localhost-startStop-1] o.s.w.s.m.m.a.RequestMappingHandlerAdapter [RequestMappingHandlerAdapter.java:517] Looking for @ControllerAdvice: WebApplicationContext for namespace 'springDispatcher-servlet': startup date [Sun Dec 18 23:30:30 CET 2016]; parent: Root WebApplicationContext
2016-12-18 23:30:32,685 DEBUG [localhost-startStop-1] o.s.w.s.m.m.a.ExceptionHandlerExceptionResolver [ExceptionHandlerExceptionResolver.java:257] Looking for exception mappings: WebApplicationContext for namespace 'springDispatcher-servlet': startup date [Sun Dec 18 23:30:30 CET 2016]; parent: Root WebApplicationContext
2016-12-18 23:30:32,749 DEBUG [localhost-startStop-1] o.s.w.s.h.BeanNameUrlHandlerMapping [AbstractDetectingUrlHandlerMapping.java:71] Looking for URL mappings in application context: WebApplicationContext for namespace 'springDispatcher-servlet': startup date [Sun Dec 18 23:30:30 CET 2016]; parent: Root WebApplicationContext
2016-12-18 23:30:32,750 DEBUG [localhost-startStop-1] o.s.w.s.h.BeanNameUrlHandlerMapping [AbstractDetectingUrlHandlerMapping.java:86] Rejected bean name 'org.springframework.web.servlet.view.ContentNegotiatingViewResolver#0': no URL paths identified
2016-12-18 23:30:32,750 DEBUG [localhost-startStop-1] o.s.w.s.h.BeanNameUrlHandlerMapping [AbstractDetectingUrlHandlerMapping.java:86] Rejected bean name 'groupController': no URL paths identified
2016-12-18 23:30:32,751 DEBUG [localhost-startStop-1] o.s.w.s.h.BeanNameUrlHandlerMapping [AbstractDetectingUrlHandlerMapping.java:86] Rejected bean name 'org.springframework.context.annotation.internalConfigurationAnnotationProcessor': no URL paths identified
2016-12-18 23:30:32,751 DEBUG [localhost-startStop-1] o.s.w.s.h.BeanNameUrlHandlerMapping [AbstractDetectingUrlHandlerMapping.java:86] Rejected bean name 'org.springframework.context.annotation.internalAutowiredAnnotationProcessor': no URL paths identified
2016-12-18 23:30:32,751 DEBUG [localhost-startStop-1] o.s.w.s.h.BeanNameUrlHandlerMapping [AbstractDetectingUrlHandlerMapping.java:86] Rejected bean name 'org.springframework.context.annotation.internalRequiredAnnotationProcessor': no URL paths identified
2016-12-18 23:30:32,752 DEBUG [localhost-startStop-1] o.s.w.s.h.BeanNameUrlHandlerMapping [AbstractDetectingUrlHandlerMapping.java:86] Rejected bean name 'org.springframework.context.annotation.internalCommonAnnotationProcessor': no URL paths identified
2016-12-18 23:30:32,753 DEBUG [localhost-startStop-1] o.s.w.s.h.BeanNameUrlHandlerMapping [AbstractDetectingUrlHandlerMapping.java:86] Rejected bean name 'org.springframework.context.annotation.internalPersistenceAnnotationProcessor': no URL paths identified
2016-12-18 23:30:32,753 DEBUG [localhost-startStop-1] o.s.w.s.h.BeanNameUrlHandlerMapping [AbstractDetectingUrlHandlerMapping.java:86] Rejected bean name 'mvcContentNegotiationManager': no URL paths identified
2016-12-18 23:30:32,753 DEBUG [localhost-startStop-1] o.s.w.s.h.BeanNameUrlHandlerMapping [AbstractDetectingUrlHandlerMapping.java:86] Rejected bean name 'org.springframework.web.servlet.mvc.method.annotation.RequestMappingHandlerMapping#0': no URL paths identified
2016-12-18 23:30:32,754 DEBUG [localhost-startStop-1] o.s.w.s.h.BeanNameUrlHandlerMapping [AbstractDetectingUrlHandlerMapping.java:86] Rejected bean name 'org.springframework.format.support.FormattingConversionServiceFactoryBean#0': no URL paths identified
2016-12-18 23:30:32,755 DEBUG [localhost-startStop-1] o.s.w.s.h.BeanNameUrlHandlerMapping [AbstractDetectingUrlHandlerMapping.java:86] Rejected bean name 'org.springframework.validation.beanvalidation.OptionalValidatorFactoryBean#0': no URL paths identified
2016-12-18 23:30:32,756 DEBUG [localhost-startStop-1] o.s.w.s.h.BeanNameUrlHandlerMapping [AbstractDetectingUrlHandlerMapping.java:86] Rejected bean name 'org.springframework.web.servlet.mvc.method.annotation.RequestMappingHandlerAdapter#0': no URL paths identified
2016-12-18 23:30:32,756 DEBUG [localhost-startStop-1] o.s.w.s.h.BeanNameUrlHandlerMapping [AbstractDetectingUrlHandlerMapping.java:86] Rejected bean name 'mvcUriComponentsContributor': no URL paths identified
2016-12-18 23:30:32,756 DEBUG [localhost-startStop-1] o.s.w.s.h.BeanNameUrlHandlerMapping [AbstractDetectingUrlHandlerMapping.java:86] Rejected bean name 'org.springframework.web.servlet.handler.MappedInterceptor#0': no URL paths identified
2016-12-18 23:30:32,757 DEBUG [localhost-startStop-1] o.s.w.s.h.BeanNameUrlHandlerMapping [AbstractDetectingUrlHandlerMapping.java:86] Rejected bean name 'org.springframework.web.servlet.mvc.method.annotation.ExceptionHandlerExceptionResolver#0': no URL paths identified
2016-12-18 23:30:32,757 DEBUG [localhost-startStop-1] o.s.w.s.h.BeanNameUrlHandlerMapping [AbstractDetectingUrlHandlerMapping.java:86] Rejected bean name 'org.springframework.web.servlet.mvc.annotation.ResponseStatusExceptionResolver#0': no URL paths identified
2016-12-18 23:30:32,758 DEBUG [localhost-startStop-1] o.s.w.s.h.BeanNameUrlHandlerMapping [AbstractDetectingUrlHandlerMapping.java:86] Rejected bean name 'org.springframework.web.servlet.mvc.support.DefaultHandlerExceptionResolver#0': no URL paths identified
2016-12-18 23:30:32,759 DEBUG [localhost-startStop-1] o.s.w.s.h.BeanNameUrlHandlerMapping [AbstractDetectingUrlHandlerMapping.java:86] Rejected bean name 'org.springframework.web.servlet.handler.BeanNameUrlHandlerMapping': no URL paths identified
2016-12-18 23:30:32,759 DEBUG [localhost-startStop-1] o.s.w.s.h.BeanNameUrlHandlerMapping [AbstractDetectingUrlHandlerMapping.java:86] Rejected bean name 'org.springframework.web.servlet.mvc.HttpRequestHandlerAdapter': no URL paths identified
2016-12-18 23:30:32,759 DEBUG [localhost-startStop-1] o.s.w.s.h.BeanNameUrlHandlerMapping [AbstractDetectingUrlHandlerMapping.java:86] Rejected bean name 'org.springframework.web.servlet.mvc.SimpleControllerHandlerAdapter': no URL paths identified
2016-12-18 23:30:32,760 DEBUG [localhost-startStop-1] o.s.w.s.h.BeanNameUrlHandlerMapping [AbstractDetectingUrlHandlerMapping.java:86] Rejected bean name 'mvcResourceUrlProvider': no URL paths identified
2016-12-18 23:30:32,760 DEBUG [localhost-startStop-1] o.s.w.s.h.BeanNameUrlHandlerMapping [AbstractDetectingUrlHandlerMapping.java:86] Rejected bean name 'org.springframework.web.servlet.handler.MappedInterceptor#1': no URL paths identified
2016-12-18 23:30:32,761 DEBUG [localhost-startStop-1] o.s.w.s.h.BeanNameUrlHandlerMapping [AbstractDetectingUrlHandlerMapping.java:86] Rejected bean name 'org.springframework.web.servlet.resource.ResourceHttpRequestHandler#0': no URL paths identified
2016-12-18 23:30:32,761 DEBUG [localhost-startStop-1] o.s.w.s.h.BeanNameUrlHandlerMapping [AbstractDetectingUrlHandlerMapping.java:86] Rejected bean name 'mvcPathMatcher': no URL paths identified
2016-12-18 23:30:32,761 DEBUG [localhost-startStop-1] o.s.w.s.h.BeanNameUrlHandlerMapping [AbstractDetectingUrlHandlerMapping.java:86] Rejected bean name 'mvcUrlPathHelper': no URL paths identified
2016-12-18 23:30:32,762 DEBUG [localhost-startStop-1] o.s.w.s.h.BeanNameUrlHandlerMapping [AbstractDetectingUrlHandlerMapping.java:86] Rejected bean name 'org.springframework.web.servlet.handler.SimpleUrlHandlerMapping#0': no URL paths identified
2016-12-18 23:30:32,762 DEBUG [localhost-startStop-1] o.s.w.s.h.BeanNameUrlHandlerMapping [AbstractDetectingUrlHandlerMapping.java:86] Rejected bean name 'org.springframework.web.servlet.config.viewControllerHandlerMapping': no URL paths identified
2016-12-18 23:30:32,763 DEBUG [localhost-startStop-1] o.s.w.s.h.BeanNameUrlHandlerMapping [AbstractDetectingUrlHandlerMapping.java:86] Rejected bean name 'org.springframework.web.servlet.resource.DefaultServletHttpRequestHandler#0': no URL paths identified
2016-12-18 23:30:32,763 DEBUG [localhost-startStop-1] o.s.w.s.h.BeanNameUrlHandlerMapping [AbstractDetectingUrlHandlerMapping.java:86] Rejected bean name 'org.springframework.web.servlet.handler.SimpleUrlHandlerMapping#1': no URL paths identified
2016-12-18 23:30:32,763 DEBUG [localhost-startStop-1] o.s.w.s.h.BeanNameUrlHandlerMapping [AbstractDetectingUrlHandlerMapping.java:86] Rejected bean name 'org.springframework.context.annotation.ConfigurationClassPostProcessor.importAwareProcessor': no URL paths identified
2016-12-18 23:30:32,763 DEBUG [localhost-startStop-1] o.s.w.s.h.BeanNameUrlHandlerMapping [AbstractDetectingUrlHandlerMapping.java:86] Rejected bean name 'org.springframework.context.annotation.ConfigurationClassPostProcessor.enhancedConfigurationProcessor': no URL paths identified
2016-12-18 23:30:32,764 DEBUG [localhost-startStop-1] o.s.w.s.h.BeanNameUrlHandlerMapping [AbstractDetectingUrlHandlerMapping.java:86] Rejected bean name 'environment': no URL paths identified
2016-12-18 23:30:32,766 DEBUG [localhost-startStop-1] o.s.w.s.h.BeanNameUrlHandlerMapping [AbstractDetectingUrlHandlerMapping.java:86] Rejected bean name 'systemProperties': no URL paths identified
2016-12-18 23:30:32,766 DEBUG [localhost-startStop-1] o.s.w.s.h.BeanNameUrlHandlerMapping [AbstractDetectingUrlHandlerMapping.java:86] Rejected bean name 'systemEnvironment': no URL paths identified
2016-12-18 23:30:32,766 DEBUG [localhost-startStop-1] o.s.w.s.h.BeanNameUrlHandlerMapping [AbstractDetectingUrlHandlerMapping.java:86] Rejected bean name 'servletConfig': no URL paths identified
2016-12-18 23:30:32,766 DEBUG [localhost-startStop-1] o.s.w.s.h.BeanNameUrlHandlerMapping [AbstractDetectingUrlHandlerMapping.java:86] Rejected bean name 'org.springframework.context.annotation.ConfigurationClassPostProcessor.importRegistry': no URL paths identified
2016-12-18 23:30:32,767 DEBUG [localhost-startStop-1] o.s.w.s.h.BeanNameUrlHandlerMapping [AbstractDetectingUrlHandlerMapping.java:86] Rejected bean name 'messageSource': no URL paths identified
2016-12-18 23:30:32,768 DEBUG [localhost-startStop-1] o.s.w.s.h.BeanNameUrlHandlerMapping [AbstractDetectingUrlHandlerMapping.java:86] Rejected bean name 'applicationEventMulticaster': no URL paths identified
2016-12-18 23:30:32,871 INFO [localhost-startStop-1] o.s.w.s.h.SimpleUrlHandlerMapping [AbstractUrlHandlerMapping.java:314] Mapped URL path [/**] onto handler 'org.springframework.web.servlet.resource.ResourceHttpRequestHandler#0'
2016-12-18 23:30:32,908 INFO [localhost-startStop-1] o.s.w.s.h.SimpleUrlHandlerMapping [AbstractUrlHandlerMapping.java:301] Root mapping to handler of type [class org.springframework.web.servlet.mvc.ParameterizableViewController]
2016-12-18 23:30:32,925 INFO [localhost-startStop-1] o.s.w.s.h.SimpleUrlHandlerMapping [AbstractUrlHandlerMapping.java:314] Mapped URL path [/**] onto handler 'org.springframework.web.servlet.resource.DefaultServletHttpRequestHandler#0'
2016-12-18 23:30:32,926 DEBUG [localhost-startStop-1] o.s.w.c.s.XmlWebApplicationContext [AbstractApplicationContext.java:697] Unable to locate LifecycleProcessor with name 'lifecycleProcessor': using default [org.springframework.context.support.DefaultLifecycleProcessor@88fe3b]
2016-12-18 23:30:32,929 DEBUG [localhost-startStop-1] o.s.w.s.DispatcherServlet [DispatcherServlet.java:506] Unable to locate MultipartResolver with name 'multipartResolver': no multipart request handling provided
2016-12-18 23:30:32,939 DEBUG [localhost-startStop-1] o.s.w.s.DispatcherServlet [DispatcherServlet.java:528] Unable to locate LocaleResolver with name 'localeResolver': using default [org.springframework.web.servlet.i18n.AcceptHeaderLocaleResolver@1faacbd]
2016-12-18 23:30:32,958 DEBUG [localhost-startStop-1] o.s.w.s.DispatcherServlet [DispatcherServlet.java:550] Unable to locate ThemeResolver with name 'themeResolver': using default [org.springframework.web.servlet.theme.FixedThemeResolver@601627]
2016-12-18 23:30:32,970 DEBUG [localhost-startStop-1] o.s.w.s.DispatcherServlet [DispatcherServlet.java:688] Unable to locate RequestToViewNameTranslator with name 'viewNameTranslator': using default [org.springframework.web.servlet.view.DefaultRequestToViewNameTranslator@dfe81f]
2016-12-18 23:30:32,997 DEBUG [localhost-startStop-1] o.s.w.s.DispatcherServlet [DispatcherServlet.java:750] Unable to locate FlashMapManager with name 'flashMapManager': using default [org.springframework.web.servlet.support.SessionFlashMapManager@1b63ce8]
2016-12-18 23:30:32,998 DEBUG [localhost-startStop-1] o.s.w.s.r.ResourceUrlProvider [ResourceUrlProvider.java:140] Looking for resource handler mappings
2016-12-18 23:30:32,999 DEBUG [localhost-startStop-1] o.s.w.s.r.ResourceUrlProvider [ResourceUrlProvider.java:152] Found resource handler mapping: URL pattern="/**", locations=[ServletContext resource [/app/]], resolvers=[org.springframework.web.servlet.resource.PathResourceResolver@1f76340]
2016-12-18 23:30:33,000 DEBUG [localhost-startStop-1] o.s.w.s.r.ResourceUrlProvider [ResourceUrlProvider.java:140] Looking for resource handler mappings
2016-12-18 23:30:33,001 DEBUG [localhost-startStop-1] o.s.w.s.r.ResourceUrlProvider [ResourceUrlProvider.java:152] Found resource handler mapping: URL pattern="/**", locations=[ServletContext resource [/app/]], resolvers=[org.springframework.web.servlet.resource.PathResourceResolver@1f76340]
2016-12-18 23:30:33,002 DEBUG [localhost-startStop-1] o.s.w.s.DispatcherServlet [FrameworkServlet.java:564] Published WebApplicationContext of servlet 'springDispatcher' as ServletContext attribute with name [org.springframework.web.servlet.FrameworkServlet.CONTEXT.springDispatcher]
2016-12-18 23:30:33,003 INFO [localhost-startStop-1] o.s.w.s.DispatcherServlet [FrameworkServlet.java:504] FrameworkServlet 'springDispatcher': initialization completed in 2789 ms
2016-12-18 23:30:33,003 DEBUG [localhost-startStop-1] o.s.w.s.DispatcherServlet [HttpServletBean.java:139] Servlet 'springDispatcher' configured successfully
